<?xml version="1.0" encoding="UTF-8"?>
<!-- Generated by org.testng.reporters.JUnitReportReporter -->
<testsuite hostname="Sandhya" failures="0" tests="1" name="webapp.tests.CheckYourRateTests" time="0.573" errors="0" timestamp="2020-09-27T16:32:36 CDT" skipped="0">
  <testcase classname="webapp.tests.CheckYourRateTests" name="VerifyMandatoryFields" time="0.573"/>
  <system-out/>
</testsuite> <!-- webapp.tests.CheckYourRateTests -->
