<?xml version="1.0" encoding="UTF-8"?>
<!-- Generated by org.testng.reporters.JUnitReportReporter -->
<testsuite hostname="Sandhya" failures="0" tests="3" name="webservice.tests.APITests" time="11.792" errors="0" timestamp="2020-09-27T16:32:36 CDT" skipped="0">
  <testcase classname="webservice.tests.APITests" name="apiInvalidParameterTest" time="6.135"/>
  <system-out/>
  <testcase classname="webservice.tests.APITests" name="apiSuccessfulResponseTest" time="4.002"/>
  <system-out/>
  <testcase classname="webservice.tests.APITests" name="apiValidStatusResponseTest" time="1.655"/>
  <system-out/>
</testsuite> <!-- webservice.tests.APITests -->
