<?xml version="1.0" encoding="UTF-8"?>
<!-- Generated by org.testng.reporters.JUnitReportReporter -->
<testsuite hostname="Sandhya" failures="0" tests="2" name="webapp.tests.CreateOfferTests" time="50.057" errors="0" timestamp="2020-09-25T23:16:24 CDT" skipped="0">
  <testcase classname="webapp.tests.CreateOfferTests" name="ValidateOfferTests" time="20.885"/>
  <system-out/>
  <testcase classname="webapp.tests.CreateOfferTests" name="CreateOfferTest" time="29.172"/>
  <system-out/>
</testsuite> <!-- webapp.tests.CreateOfferTests -->
