<?xml version="1.0" encoding="UTF-8"?>
<!-- Generated by org.testng.reporters.JUnitReportReporter -->
<testsuite hostname="Sandhya" failures="0" tests="1" name="webapp.tests.ValidateOfferPageTests" time="119.374" errors="0" timestamp="2020-09-25T14:41:20 CDT" skipped="0">
  <testcase classname="webapp.tests.ValidateOfferPageTests" name="ValidateOfferPageTest" time="119.374"/>
  <system-out/>
</testsuite> <!-- webapp.tests.ValidateOfferPageTests -->
