<?xml version="1.0" encoding="UTF-8"?>
<!-- Generated by org.testng.reporters.JUnitReportReporter -->
<testsuite hostname="Sandhya" failures="0" tests="1" name="webapp.tests.OfferAfterSignInTests" time="29.670" errors="0" timestamp="2020-09-25T14:41:21 CDT" skipped="0">
  <testcase classname="webapp.tests.OfferAfterSignInTests" name="ValidateOfferAfterSignIn" time="29.670"/>
  <system-out/>
</testsuite> <!-- webapp.tests.OfferAfterSignInTests -->
