<?xml version="1.0" encoding="UTF-8"?>
<!-- Generated by org.testng.reporters.JUnitReportReporter -->
<testsuite hostname="Sandhya" failures="0" tests="1" name="webapp.tests.ValidateOfferAfterSignInTests" time="11.153" errors="0" timestamp="2020-09-25T23:01:26 CDT" skipped="0">
  <testcase classname="webapp.tests.ValidateOfferAfterSignInTests" name="ValidateOfferTests" time="11.153"/>
  <system-out/>
</testsuite> <!-- webapp.tests.ValidateOfferAfterSignInTests -->
