<?xml version="1.0" encoding="UTF-8"?>
<!-- Generated by org.testng.reporters.JUnitReportReporter -->
<testsuite hostname="Sandhya" failures="0" tests="2" name="webapp.tests.CreateAndValidateOfferTests" time="52.263" errors="0" timestamp="2020-09-27T16:32:36 CDT" skipped="0">
  <testcase classname="webapp.tests.CreateAndValidateOfferTests" name="ValidateOfferTests" time="21.353"/>
  <system-out/>
  <testcase classname="webapp.tests.CreateAndValidateOfferTests" name="CreateOfferTest" time="30.910"/>
  <system-out/>
</testsuite> <!-- webapp.tests.CreateAndValidateOfferTests -->
